#
# A fatal error has been detected by the Java Runtime Environment:
#
#  SIGSEGV (0xb) at pc=0x000000010ecbeee2, pid=2047, tid=0x0000000000005303
#
# JRE version: Java(TM) SE Runtime Environment (8.0_171-b11) (build 1.8.0_171-b11)
# Java VM: Java HotSpot(TM) 64-Bit Server VM (25.171-b11 mixed mode bsd-amd64 compressed oops)
# Problematic frame:
# V  [libjvm.dylib+0x4beee2]
#
# Failed to write core dump. Core dumps have been disabled. To enable core dumping, try "ulimit -c unlimited" before starting Java again
#
# If you would like to submit a bug report, please visit:
#   http://bugreport.java.com/bugreport/crash.jsp
#

---------------  T H R E A D  ---------------

Current thread (0x00007fd79480b800):  GCTaskThread [stack: 0x0000700009fcb000,0x000070000a0cb000] [id=21251]

siginfo: si_signo: 11 (SIGSEGV), si_code: 1 (SEGV_MAPERR), si_addr: 0x0000000000000135

Registers:
RAX=0x0000000000000015, RBX=0x00007fd793509b60, RCX=0x008492ed00012503, RDX=0x000000075e19b3b0
RSP=0x000070000a0cacf0, RBP=0x000070000a0cad70, RSI=0x00007fd793509b60, RDI=0x000000075e196228
R8 =0x0000000000000301, R9 =0x000000000000f556, R10=0x012809404a025401, R11=0x0040000000000000
R12=0x000000075e19b3b0, R13=0x000000010f043ad0, R14=0x00007fd793509b68, R15=0x000000010f043ad0
RIP=0x000000010ecbeee2, EFLAGS=0x0000000000010206, ERR=0x0000000000000004
  TRAPNO=0x000000000000000e

Top of Stack: (sp=0x000070000a0cacf0)
0x000070000a0cacf0:   000070000a0cad20 00007fd793509ba0
0x000070000a0cad00:   00007fd793509be8 00007fd793509c20
0x000070000a0cad10:   00000007c0149100 00000007c0149108
0x000070000a0cad20:   000000075e19b3b0 000000010eac11fd
0x000070000a0cad30:   000070000a0cad70 000000075e1db370
0x000070000a0cad40:   008492ec000125dd 0000000000000003
0x000070000a0cad50:   000070000a0cada0 000000010f043ad0
0x000070000a0cad60:   00007fd793509b60 000070000a0cad8c
0x000070000a0cad70:   000070000a0cadd0 000000010ecb15bf
0x000070000a0cad80:   00007fd7950d7dc0 0058b6550ea76f63
0x000070000a0cad90:   0000000000000000 0000000000000000
0x000070000a0cada0:   000000075e1db370 00007fd79480b800
0x000070000a0cadb0:   0000000000000000 000000010ee16bce
0x000070000a0cadc0:   00007fd7950d7dc0 0000000000000001
0x000070000a0cadd0:   000070000a0caeb0 000000010ea774db
0x000070000a0cade0:   000070000a0cae10 00007fd7934099d0
0x000070000a0cadf0:   00007fd793409a00 00007fd793409a10
0x000070000a0cae00:   00007fd793409de8 00000000000003d8
0x000070000a0cae10:   00007fd79480b800 00007fd793409df0
0x000070000a0cae20:   00007fd793409e30 00007fd793409e40
0x000070000a0cae30:   00007fd793409f18 00000000000000d8
0x000070000a0cae40:   000070000a0cae50 0000000000000000
0x000070000a0cae50:   00007fd79480b800 00007fd793409df0
0x000070000a0cae60:   00007fd793409e30 00007fd793409e40
0x000070000a0cae70:   00007fd793409f18 00000000000000d8
0x000070000a0cae80:   00007fd79340a030 00007fd79480b800
0x000070000a0cae90:   000000000118e109 0000000000000000
0x000070000a0caea0:   00007fd79340a8f0 00007fd79340a960
0x000070000a0caeb0:   000070000a0caf10 000000010ec8d4a6
0x000070000a0caec0:   0000000000000000 00007fd79340a960
0x000070000a0caed0:   0000000600000000 000000000118e109
0x000070000a0caee0:   000070000a0cb0e0 000070000a0cb180 

Instructions: (pc=0x000000010ecbeee2)
0x000000010ecbeec2:   11 41 8a 4f 08 41 8b 7c 24 08 48 d3 e7 49 03 3f
0x000000010ecbeed2:   eb 05 49 8b 7c 24 08 48 8b 07 48 89 de 4c 89 e2
0x000000010ecbeee2:   ff 90 20 01 00 00 8b 43 08 89 c1 2b 4b 10 f7 c1
0x000000010ecbeef2:   ff ff 01 00 74 73 05 ff ff 01 00 89 c6 81 e6 ff 

Register to memory mapping:

RAX=0x0000000000000015 is an unknown value
RBX=0x00007fd793509b60 is an unknown value
RCX=0x008492ed00012503 is an unknown value
RDX=0x000000075e19b3b0 is pointing into object: 0x000000075e19b3a8
sun.awt.EventQueueItem 
 - klass: 'sun/awt/EventQueueItem'
RSP=0x000070000a0cacf0 is an unknown value
RBP=0x000070000a0cad70 is an unknown value
RSI=0x00007fd793509b60 is an unknown value
RDI=0x000000075e196228 is an oop
sun.awt.EventQueueItem 
 - klass: 'sun/awt/EventQueueItem'
R8 =0x0000000000000301 is an unknown value
R9 =0x000000000000f556 is an unknown value
R10=0x012809404a025401 is an unknown value
R11=0x0040000000000000 is an unknown value
R12=0x000000075e19b3b0 is pointing into object: 0x000000075e19b3a8
sun.awt.EventQueueItem 
 - klass: 'sun/awt/EventQueueItem'
R13=0x000000010f043ad0: _ZN8Universe13_narrow_klassE+0 in /Library/Java/JavaVirtualMachines/jdk1.8.0_171.jdk/Contents/Home/jre/lib/server/libjvm.dylib at 0x000000010e800000
R14=0x00007fd793509b68 is an unknown value
R15=0x000000010f043ad0: _ZN8Universe13_narrow_klassE+0 in /Library/Java/JavaVirtualMachines/jdk1.8.0_171.jdk/Contents/Home/jre/lib/server/libjvm.dylib at 0x000000010e800000


Stack: [0x0000700009fcb000,0x000070000a0cb000],  sp=0x000070000a0cacf0,  free space=1023k
Native frames: (J=compiled Java code, j=interpreted, Vv=VM code, C=native code)
V  [libjvm.dylib+0x4beee2]
V  [libjvm.dylib+0x4b15bf]
V  [libjvm.dylib+0x2774db]
V  [libjvm.dylib+0x48d4a6]
C  [libsystem_pthread.dylib+0x333d]  _pthread_body+0x7e
C  [libsystem_pthread.dylib+0x62a7]  _pthread_start+0x46
C  [libsystem_pthread.dylib+0x2425]  thread_start+0xd


---------------  P R O C E S S  ---------------

Java Threads: ( => current thread )
  0x00007fd793a3f800 JavaThread "TimerQueue" daemon [_thread_blocked, id=58915, stack(0x000070000b390000,0x000070000b490000)]
  0x00007fd7939dc000 JavaThread "DestroyJavaVM" [_thread_blocked, id=5635, stack(0x0000700009bbf000,0x0000700009cbf000)]
  0x00007fd795211000 JavaThread "AWT-EventQueue-0" [_thread_blocked, id=76559, stack(0x000070000b20a000,0x000070000b30a000)]
  0x00007fd794149000 JavaThread "Attach Listener" daemon [_thread_blocked, id=54819, stack(0x000070000b107000,0x000070000b207000)]
  0x00007fd7939d5800 JavaThread "Java2D Disposer" daemon [_thread_blocked, id=80151, stack(0x000070000b004000,0x000070000b104000)]
  0x00007fd79518e800 JavaThread "Java2D Queue Flusher" daemon [_thread_blocked, id=50959, stack(0x000070000af01000,0x000070000b001000)]
  0x00007fd79397b800 JavaThread "AWT-Shutdown" [_thread_blocked, id=40231, stack(0x000070000aaec000,0x000070000abec000)]
  0x00007fd7940f7000 JavaThread "AppKit Thread" daemon [_thread_in_native, id=775, stack(0x00007ffee1599000,0x00007ffee1d99000)]
  0x00007fd794050800 JavaThread "Service Thread" daemon [_thread_blocked, id=16643, stack(0x000070000a8e6000,0x000070000a9e6000)]
  0x00007fd794050000 JavaThread "C1 CompilerThread2" daemon [_thread_blocked, id=17155, stack(0x000070000a7e3000,0x000070000a8e3000)]
  0x00007fd79404d800 JavaThread "C2 CompilerThread1" daemon [_thread_blocked, id=17411, stack(0x000070000a6e0000,0x000070000a7e0000)]
  0x00007fd79505a800 JavaThread "C2 CompilerThread0" daemon [_thread_blocked, id=13315, stack(0x000070000a5dd000,0x000070000a6dd000)]
  0x00007fd79407b000 JavaThread "Monitor Ctrl-Break" daemon [_thread_in_native, id=18179, stack(0x000070000a4da000,0x000070000a5da000)]
  0x00007fd793829000 JavaThread "Signal Dispatcher" daemon [_thread_blocked, id=18691, stack(0x000070000a3d7000,0x000070000a4d7000)]
  0x00007fd793826000 JavaThread "Finalizer" daemon [_thread_blocked, id=19971, stack(0x000070000a2d4000,0x000070000a3d4000)]
  0x00007fd79480c000 JavaThread "Reference Handler" daemon [_thread_blocked, id=20483, stack(0x000070000a1d1000,0x000070000a2d1000)]

Other Threads:
  0x00007fd795000000 VMThread [stack: 0x000070000a0ce000,0x000070000a1ce000] [id=20739]
  0x00007fd794077800 WatcherThread [stack: 0x000070000a9e9000,0x000070000aae9000] [id=16131]

=>0x00007fd79480b800 (exited) GCTaskThread [stack: 0x0000700009fcb000,0x000070000a0cb000] [id=21251]

VM state:at safepoint (normal execution)

VM Mutex/Monitor currently owned by a thread:  ([mutex/lock_event])
[0x00007fd7934064f0] Threads_lock - owner thread: 0x00007fd795000000
[0x00007fd7934069f0] Heap_lock - owner thread: 0x00007fd795211000

Heap:
 PSYoungGen      total 465920K, used 132320K [0x0000000795580000, 0x00000007c0000000, 0x00000007c0000000)
  eden space 232960K, 0% used [0x0000000795580000,0x0000000795580000,0x00000007a3900000)
  from space 232960K, 56% used [0x00000007a3900000,0x00000007aba38000,0x00000007b1c80000)
  to   space 232960K, 0% used [0x00000007b1c80000,0x00000007b1c80000,0x00000007c0000000)
 ParOldGen       total 1145344K, used 1104883K [0x0000000740000000, 0x0000000785e80000, 0x0000000795580000)
  object space 1145344K, 96% used [0x0000000740000000,0x00000007836fcf68,0x0000000785e80000)
 Metaspace       used 13509K, capacity 13810K, committed 13952K, reserved 1060864K
  class space    used 1725K, capacity 1832K, committed 1920K, reserved 1048576K

Card table byte_map: [0x000000010fb6e000,0x000000010ff6f000] byte_map_base: 0x000000010c16e000

Marking Bits: (ParMarkBitMap*) 0x000000010f0f76e0
 Begin Bits: [0x000000011021a000, 0x000000011221a000)
 End Bits:   [0x000000011221a000, 0x000000011421a000)

Polling page: 0x000000010ded6000

CodeCache: size=245760Kb used=5796Kb max_used=5812Kb free=239963Kb
 bounds [0x0000000118ad0000, 0x0000000119090000, 0x0000000127ad0000]
 total_blobs=2141 nmethods=1588 adapters=466
 compilation: enabled

Compilation events (10 events):
Event: 30.724 Thread 0x00007fd794050000 1598       3       sun.awt.SunToolkit::awtTryLock (7 bytes)
Event: 30.724 Thread 0x00007fd794050000 nmethod 1598 0x000000011902df90 code [0x000000011902e100, 0x000000011902e3e8]
Event: 33.503 Thread 0x00007fd794050000 1599       3       java.awt.event.ComponentEvent::<init> (7 bytes)
Event: 33.503 Thread 0x00007fd794050000 nmethod 1599 0x000000011902dc10 code [0x000000011902dd80, 0x000000011902df08]
Event: 49.954 Thread 0x00007fd794050000 1600       3       java.util.concurrent.locks.AbstractQueuedSynchronizer$Node::<init> (15 bytes)
Event: 49.954 Thread 0x00007fd794050000 nmethod 1600 0x000000011902d810 code [0x000000011902d980, 0x000000011902db70]
Event: 49.962 Thread 0x00007fd794050000 1601       3       java.util.concurrent.locks.AbstractQueuedSynchronizer::addWaiter (50 bytes)
Event: 49.963 Thread 0x00007fd794050000 nmethod 1601 0x0000000118bd3790 code [0x0000000118bd3920, 0x0000000118bd3d88]
Event: 73.204 Thread 0x00007fd794050000 1602       1       sun.java2d.pipe.RenderBuffer::position (11 bytes)
Event: 73.204 Thread 0x00007fd794050000 nmethod 1602 0x0000000118bdfd10 code [0x0000000118bdfe60, 0x0000000118bdff70]

GC Heap History (10 events):
Event: 91.050 GC heap after
Heap after GC invocations=31 (full 6):
 PSYoungGen      total 275456K, used 42464K [0x0000000795580000, 0x00000007bf900000, 0x00000007c0000000)
  eden space 232960K, 0% used [0x0000000795580000,0x0000000795580000,0x00000007a3900000)
  from space 42496K, 99% used [0x00000007a3900000,0x00000007a6278000,0x00000007a6280000)
  to   space 229376K, 0% used [0x00000007b1900000,0x00000007b1900000,0x00000007bf900000)
 ParOldGen       total 1145344K, used 1019795K [0x0000000740000000, 0x0000000785e80000, 0x0000000795580000)
  object space 1145344K, 89% used [0x0000000740000000,0x000000077e3e4f68,0x0000000785e80000)
 Metaspace       used 13509K, capacity 13810K, committed 13952K, reserved 1060864K
  class space    used 1725K, capacity 1832K, committed 1920K, reserved 1048576K
}
Event: 92.842 GC heap before
{Heap before GC invocations=32 (full 6):
 PSYoungGen      total 275456K, used 275424K [0x0000000795580000, 0x00000007bf900000, 0x00000007c0000000)
  eden space 232960K, 100% used [0x0000000795580000,0x00000007a3900000,0x00000007a3900000)
  from space 42496K, 99% used [0x00000007a3900000,0x00000007a6278000,0x00000007a6280000)
  to   space 229376K, 0% used [0x00000007b1900000,0x00000007b1900000,0x00000007bf900000)
 ParOldGen       total 1145344K, used 1019795K [0x0000000740000000, 0x0000000785e80000, 0x0000000795580000)
  object space 1145344K, 89% used [0x0000000740000000,0x000000077e3e4f68,0x0000000785e80000)
 Metaspace       used 13509K, capacity 13810K, committed 13952K, reserved 1060864K
  class space    used 1725K, capacity 1832K, committed 1920K, reserved 1048576K
Event: 93.094 GC heap after
Heap after GC invocations=32 (full 6):
 PSYoungGen      total 476160K, used 84864K [0x0000000795580000, 0x00000007bf980000, 0x00000007c0000000)
  eden space 246784K, 0% used [0x0000000795580000,0x0000000795580000,0x00000007a4680000)
  from space 229376K, 36% used [0x00000007b1900000,0x00000007b6be0000,0x00000007bf900000)
  to   space 215552K, 0% used [0x00000007a4680000,0x00000007a4680000,0x00000007b1900000)
 ParOldGen       total 1145344K, used 1019795K [0x0000000740000000, 0x0000000785e80000, 0x0000000795580000)
  object space 1145344K, 89% used [0x0000000740000000,0x000000077e3e4f68,0x0000000785e80000)
 Metaspace       used 13509K, capacity 13810K, committed 13952K, reserved 1060864K
  class space    used 1725K, capacity 1832K, committed 1920K, reserved 1048576K
}
Event: 94.945 GC heap before
{Heap before GC invocations=33 (full 6):
 PSYoungGen      total 476160K, used 331648K [0x0000000795580000, 0x00000007bf980000, 0x00000007c0000000)
  eden space 246784K, 100% used [0x0000000795580000,0x00000007a4680000,0x00000007a4680000)
  from space 229376K, 36% used [0x00000007b1900000,0x00000007b6be0000,0x00000007bf900000)
  to   space 215552K, 0% used [0x00000007a4680000,0x00000007a4680000,0x00000007b1900000)
 ParOldGen       total 1145344K, used 1019795K [0x0000000740000000, 0x0000000785e80000, 0x0000000795580000)
  object space 1145344K, 89% used [0x0000000740000000,0x000000077e3e4f68,0x0000000785e80000)
 Metaspace       used 13509K, capacity 13810K, committed 13952K, reserved 1060864K
  class space    used 1725K, capacity 1832K, committed 1920K, reserved 1048576K
Event: 95.317 GC heap after
Heap after GC invocations=33 (full 6):
 PSYoungGen      total 462336K, used 129760K [0x0000000795580000, 0x00000007bfa80000, 0x00000007c0000000)
  eden space 246784K, 0% used [0x0000000795580000,0x0000000795580000,0x00000007a4680000)
  from space 215552K, 60% used [0x00000007a4680000,0x00000007ac538000,0x00000007b1900000)
  to   space 219648K, 0% used [0x00000007b2400000,0x00000007b2400000,0x00000007bfa80000)
 ParOldGen       total 1145344K, used 1019795K [0x0000000740000000, 0x0000000785e80000, 0x0000000795580000)
  object space 1145344K, 89% used [0x0000000740000000,0x000000077e3e4f68,0x0000000785e80000)
 Metaspace       used 13509K, capacity 13810K, committed 13952K, reserved 1060864K
  class space    used 1725K, capacity 1832K, committed 1920K, reserved 1048576K
}
Event: 98.530 GC heap before
{Heap before GC invocations=34 (full 6):
 PSYoungGen      total 462336K, used 376544K [0x0000000795580000, 0x00000007bfa80000, 0x00000007c0000000)
  eden space 246784K, 100% used [0x0000000795580000,0x00000007a4680000,0x00000007a4680000)
  from space 215552K, 60% used [0x00000007a4680000,0x00000007ac538000,0x00000007b1900000)
  to   space 219648K, 0% used [0x00000007b2400000,0x00000007b2400000,0x00000007bfa80000)
 ParOldGen       total 1145344K, used 1019795K [0x0000000740000000, 0x0000000785e80000, 0x0000000795580000)
  object space 1145344K, 89% used [0x0000000740000000,0x000000077e3e4f68,0x0000000785e80000)
 Metaspace       used 13509K, capacity 13810K, committed 13952K, reserved 1060864K
  class space    used 1725K, capacity 1832K, committed 1920K, reserved 1048576K
Event: 101.783 GC heap after
Heap after GC invocations=34 (full 6):
 PSYoungGen      total 452608K, used 174752K [0x0000000795580000, 0x00000007c0000000, 0x00000007c0000000)
  eden space 232960K, 0% used [0x0000000795580000,0x0000000795580000,0x00000007a3900000)
  from space 219648K, 79% used [0x00000007b2400000,0x00000007bcea8000,0x00000007bfa80000)
  to   space 232960K, 0% used [0x00000007a3900000,0x00000007a3900000,0x00000007b1c80000)
 ParOldGen       total 1145344K, used 1019795K [0x0000000740000000, 0x0000000785e80000, 0x0000000795580000)
  object space 1145344K, 89% used [0x0000000740000000,0x000000077e3e4f68,0x0000000785e80000)
 Metaspace       used 13509K, capacity 13810K, committed 13952K, reserved 1060864K
  class space    used 1725K, capacity 1832K, committed 1920K, reserved 1048576K
}
Event: 104.846 GC heap before
{Heap before GC invocations=35 (full 6):
 PSYoungGen      total 452608K, used 407712K [0x0000000795580000, 0x00000007c0000000, 0x00000007c0000000)
  eden space 232960K, 100% used [0x0000000795580000,0x00000007a3900000,0x00000007a3900000)
  from space 219648K, 79% used [0x00000007b2400000,0x00000007bcea8000,0x00000007bfa80000)
  to   space 232960K, 0% used [0x00000007a3900000,0x00000007a3900000,0x00000007b1c80000)
 ParOldGen       total 1145344K, used 1019795K [0x0000000740000000, 0x0000000785e80000, 0x0000000795580000)
  object space 1145344K, 89% used [0x0000000740000000,0x000000077e3e4f68,0x0000000785e80000)
 Metaspace       used 13509K, capacity 13810K, committed 13952K, reserved 1060864K
  class space    used 1725K, capacity 1832K, committed 1920K, reserved 1048576K
Event: 105.501 GC heap after
Heap after GC invocations=35 (full 6):
 PSYoungGen      total 465920K, used 132320K [0x0000000795580000, 0x00000007c0000000, 0x00000007c0000000)
  eden space 232960K, 0% used [0x0000000795580000,0x0000000795580000,0x00000007a3900000)
  from space 232960K, 56% used [0x00000007a3900000,0x00000007aba38000,0x00000007b1c80000)
  to   space 232960K, 0% used [0x00000007b1c80000,0x00000007b1c80000,0x00000007c0000000)
 ParOldGen       total 1145344K, used 1104883K [0x0000000740000000, 0x0000000785e80000, 0x0000000795580000)
  object space 1145344K, 96% used [0x0000000740000000,0x00000007836fcf68,0x0000000785e80000)
 Metaspace       used 13509K, capacity 13810K, committed 13952K, reserved 1060864K
  class space    used 1725K, capacity 1832K, committed 1920K, reserved 1048576K
}
Event: 105.501 GC heap before
{Heap before GC invocations=36 (full 7):
 PSYoungGen      total 465920K, used 132320K [0x0000000795580000, 0x00000007c0000000, 0x00000007c0000000)
  eden space 232960K, 0% used [0x0000000795580000,0x0000000795580000,0x00000007a3900000)
  from space 232960K, 56% used [0x00000007a3900000,0x00000007aba38000,0x00000007b1c80000)
  to   space 232960K, 0% used [0x00000007b1c80000,0x00000007b1c80000,0x00000007c0000000)
 ParOldGen       total 1145344K, used 1104883K [0x0000000740000000, 0x0000000785e80000, 0x0000000795580000)
  object space 1145344K, 96% used [0x0000000740000000,0x00000007836fcf68,0x0000000785e80000)
 Metaspace       used 13509K, capacity 13810K, committed 13952K, reserved 1060864K
  class space    used 1725K, capacity 1832K, committed 1920K, reserved 1048576K

Deoptimization events (8 events):
Event: 3.068 Thread 0x00007fd794003800 Uncommon trap: reason=unstable_if action=reinterpret pc=0x0000000118d13800 method=java.lang.String.toLowerCase(Ljava/util/Locale;)Ljava/lang/String; @ 85
Event: 3.257 Thread 0x00007fd795211000 Uncommon trap: reason=class_check action=maybe_recompile pc=0x0000000118c48998 method=java.lang.String.equals(Ljava/lang/Object;)Z @ 8
Event: 3.257 Thread 0x00007fd795211000 Uncommon trap: reason=class_check action=maybe_recompile pc=0x0000000118c48998 method=java.lang.String.equals(Ljava/lang/Object;)Z @ 8
Event: 3.261 Thread 0x00007fd795211000 Uncommon trap: reason=class_check action=maybe_recompile pc=0x0000000118c48998 method=java.lang.String.equals(Ljava/lang/Object;)Z @ 8
Event: 3.261 Thread 0x00007fd795211000 Uncommon trap: reason=class_check action=maybe_recompile pc=0x0000000118c48998 method=java.lang.String.equals(Ljava/lang/Object;)Z @ 8
Event: 6.886 Thread 0x00007fd795211000 Uncommon trap: reason=unstable_if action=reinterpret pc=0x0000000118d780f0 method=java.awt.Component.inside(II)Z @ 1
Event: 19.389 Thread 0x00007fd795211000 Uncommon trap: reason=unstable_if action=reinterpret pc=0x0000000118ed58c8 method=java.awt.EventQueue.getPriority(Ljava/awt/AWTEvent;)I @ 22
Event: 19.415 Thread 0x00007fd795211000 Uncommon trap: reason=unstable_if action=reinterpret pc=0x0000000118ec2bc4 method=java.awt.Component.getInputContext()Ljava/awt/im/InputContext; @ 6

Classes redefined (0 events):
No events

Internal exceptions (10 events):
Event: 0.065 Thread 0x00007fd794003800 Exception <a 'java/lang/NoSuchMethodError': Method sun.misc.Unsafe.prefetchRead(Ljava/lang/Object;J)V name or signature does not match> (0x0000000795587f98) thrown at [/Users/java_re/workspace/8-2-build-macosx-x86_64/jdk8u171/10807/hotspot/src/share/vm/pr
Event: 0.292 Thread 0x00007fd794003800 Exception <a 'java/security/PrivilegedActionException'> (0x00000007958c9fb8) thrown at [/Users/java_re/workspace/8-2-build-macosx-x86_64/jdk8u171/10807/hotspot/src/share/vm/prims/jvm.cpp, line 1435]
Event: 0.292 Thread 0x00007fd794003800 Exception <a 'java/security/PrivilegedActionException'> (0x00000007958ca1c8) thrown at [/Users/java_re/workspace/8-2-build-macosx-x86_64/jdk8u171/10807/hotspot/src/share/vm/prims/jvm.cpp, line 1435]
Event: 0.292 Thread 0x00007fd794003800 Exception <a 'java/security/PrivilegedActionException'> (0x00000007958cd4f8) thrown at [/Users/java_re/workspace/8-2-build-macosx-x86_64/jdk8u171/10807/hotspot/src/share/vm/prims/jvm.cpp, line 1435]
Event: 0.293 Thread 0x00007fd794003800 Exception <a 'java/security/PrivilegedActionException'> (0x00000007958cd708) thrown at [/Users/java_re/workspace/8-2-build-macosx-x86_64/jdk8u171/10807/hotspot/src/share/vm/prims/jvm.cpp, line 1435]
Event: 0.365 Thread 0x00007fd794003800 Exception <a 'java/lang/NoSuchFieldError': method resolution failed> (0x0000000795a01f80) thrown at [/Users/java_re/workspace/8-2-build-macosx-x86_64/jdk8u171/10807/hotspot/src/share/vm/prims/methodHandles.cpp, line 1167]
Event: 0.368 Thread 0x00007fd794003800 Exception <a 'java/lang/NoSuchFieldError': method resolution failed> (0x0000000795a10218) thrown at [/Users/java_re/workspace/8-2-build-macosx-x86_64/jdk8u171/10807/hotspot/src/share/vm/prims/methodHandles.cpp, line 1167]
Event: 0.665 Thread 0x00007fd794003800 Exception <a 'java/io/FileNotFoundException'> (0x0000000795ab0a20) thrown at [/Users/java_re/workspace/8-2-build-macosx-x86_64/jdk8u171/10807/hotspot/src/share/vm/prims/jni.cpp, line 709]
Event: 0.665 Thread 0x00007fd794003800 Exception <a 'java/io/FileNotFoundException'> (0x0000000795ab1570) thrown at [/Users/java_re/workspace/8-2-build-macosx-x86_64/jdk8u171/10807/hotspot/src/share/vm/prims/jni.cpp, line 709]
Event: 0.698 Thread 0x00007fd794003800 Exception <a 'java/io/FileNotFoundException'> (0x0000000795ba7810) thrown at [/Users/java_re/workspace/8-2-build-macosx-x86_64/jdk8u171/10807/hotspot/src/share/vm/prims/jni.cpp, line 709]

Events (10 events):
Event: 89.023 Executing VM operation: ParallelGCFailedAllocation done
Event: 90.777 Executing VM operation: ParallelGCFailedAllocation
Event: 91.050 Executing VM operation: ParallelGCFailedAllocation done
Event: 92.842 Executing VM operation: ParallelGCFailedAllocation
Event: 93.094 Executing VM operation: ParallelGCFailedAllocation done
Event: 94.945 Executing VM operation: ParallelGCFailedAllocation
Event: 95.317 Executing VM operation: ParallelGCFailedAllocation done
Event: 98.530 Executing VM operation: ParallelGCFailedAllocation
Event: 101.783 Executing VM operation: ParallelGCFailedAllocation done
Event: 104.846 Executing VM operation: ParallelGCFailedAllocation


Dynamic libraries:
0x0000000017168000 	/System/Library/Frameworks/Cocoa.framework/Versions/A/Cocoa
0x0000000017168000 	/System/Library/Frameworks/Security.framework/Versions/A/Security
0x0000000017168000 	/System/Library/Frameworks/ApplicationServices.framework/Versions/A/ApplicationServices
0x0000000017168000 	/usr/lib/libz.1.dylib
0x0000000017168000 	/usr/lib/libSystem.B.dylib
0x0000000017168000 	/usr/lib/libobjc.A.dylib
0x0000000017168000 	/System/Library/Frameworks/CoreFoundation.framework/Versions/A/CoreFoundation
0x0000000017168000 	/System/Library/Frameworks/Foundation.framework/Versions/C/Foundation
0x0000000017168000 	/System/Library/Frameworks/AppKit.framework/Versions/C/AppKit
0x0000000017168000 	/System/Library/Frameworks/CoreData.framework/Versions/A/CoreData
0x0000000017168000 	/System/Library/PrivateFrameworks/RemoteViewServices.framework/Versions/A/RemoteViewServices
0x0000000017168000 	/System/Library/PrivateFrameworks/UIFoundation.framework/Versions/A/UIFoundation
0x0000000017168000 	/System/Library/PrivateFrameworks/XCTTargetBootstrap.framework/Versions/A/XCTTargetBootstrap
0x0000000017168000 	/System/Library/PrivateFrameworks/IconServices.framework/Versions/A/IconServices
0x0000000017168000 	/System/Library/Frameworks/Metal.framework/Versions/A/Metal
0x0000000017168000 	/System/Library/PrivateFrameworks/DesktopServicesPriv.framework/Versions/A/DesktopServicesPriv
0x0000000017168000 	/usr/lib/libenergytrace.dylib
0x0000000017168000 	/System/Library/PrivateFrameworks/SkyLight.framework/Versions/A/SkyLight
0x0000000017168000 	/System/Library/Frameworks/CoreGraphics.framework/Versions/A/CoreGraphics
0x0000000017168000 	/System/Library/Frameworks/Accelerate.framework/Versions/A/Accelerate
0x0000000017168000 	/System/Library/Frameworks/IOSurface.framework/Versions/A/IOSurface
0x0000000017168000 	/System/Library/PrivateFrameworks/DFRFoundation.framework/Versions/A/DFRFoundation
0x0000000017168000 	/System/Library/Frameworks/AudioToolbox.framework/Versions/A/AudioToolbox
0x0000000017168000 	/System/Library/Frameworks/AudioUnit.framework/Versions/A/AudioUnit
0x0000000017168000 	/System/Library/PrivateFrameworks/DataDetectorsCore.framework/Versions/A/DataDetectorsCore
0x0000000017168000 	/System/Library/Frameworks/Carbon.framework/Versions/A/Frameworks/HIToolbox.framework/Versions/A/HIToolbox
0x0000000017168000 	/usr/lib/libicucore.A.dylib
0x0000000017168000 	/System/Library/Frameworks/QuartzCore.framework/Versions/A/QuartzCore
0x0000000017168000 	/System/Library/Frameworks/Carbon.framework/Versions/A/Frameworks/SpeechRecognition.framework/Versions/A/SpeechRecognition
0x0000000017168000 	/usr/lib/libauto.dylib
0x0000000017168000 	/usr/lib/libxml2.2.dylib
0x0000000017168000 	/System/Library/PrivateFrameworks/CoreUI.framework/Versions/A/CoreUI
0x0000000017168000 	/System/Library/Frameworks/CoreAudio.framework/Versions/A/CoreAudio
0x0000000017168000 	/System/Library/Frameworks/DiskArbitration.framework/Versions/A/DiskArbitration
0x0000000017168000 	/usr/lib/liblangid.dylib
0x0000000017168000 	/System/Library/PrivateFrameworks/MultitouchSupport.framework/Versions/A/MultitouchSupport
0x0000000017168000 	/System/Library/Frameworks/IOKit.framework/Versions/A/IOKit
0x0000000017168000 	/usr/lib/libDiagnosticMessagesClient.dylib
0x0000000017168000 	/System/Library/Frameworks/CoreServices.framework/Versions/A/CoreServices
0x0000000017168000 	/System/Library/PrivateFrameworks/PerformanceAnalysis.framework/Versions/A/PerformanceAnalysis
0x0000000017168000 	/System/Library/Frameworks/OpenGL.framework/Versions/A/OpenGL
0x0000000017168000 	/System/Library/Frameworks/ColorSync.framework/Versions/A/ColorSync
0x0000000017168000 	/System/Library/Frameworks/CoreImage.framework/Versions/A/CoreImage
0x0000000017168000 	/System/Library/Frameworks/CoreText.framework/Versions/A/CoreText
0x0000000017168000 	/System/Library/Frameworks/ImageIO.framework/Versions/A/ImageIO
0x0000000017168000 	/System/Library/PrivateFrameworks/Backup.framework/Versions/A/Backup
0x0000000017168000 	/usr/lib/libarchive.2.dylib
0x0000000017168000 	/System/Library/Frameworks/CFNetwork.framework/Versions/A/CFNetwork
0x0000000017168000 	/System/Library/Frameworks/SystemConfiguration.framework/Versions/A/SystemConfiguration
0x0000000017168000 	/usr/lib/libCRFSuite.dylib
0x0000000017168000 	/usr/lib/libc++.1.dylib
0x0000000017168000 	/usr/lib/libc++abi.dylib
0x0000000017168000 	/usr/lib/system/libcache.dylib
0x0000000017168000 	/usr/lib/system/libcommonCrypto.dylib
0x0000000017168000 	/usr/lib/system/libcompiler_rt.dylib
0x0000000017168000 	/usr/lib/system/libcopyfile.dylib
0x0000000017168000 	/usr/lib/system/libcorecrypto.dylib
0x0000000017168000 	/usr/lib/system/libdispatch.dylib
0x0000000017168000 	/usr/lib/system/libdyld.dylib
0x0000000017168000 	/usr/lib/system/libkeymgr.dylib
0x0000000017168000 	/usr/lib/system/liblaunch.dylib
0x0000000017168000 	/usr/lib/system/libmacho.dylib
0x0000000017168000 	/usr/lib/system/libquarantine.dylib
0x0000000017168000 	/usr/lib/system/libremovefile.dylib
0x0000000017168000 	/usr/lib/system/libsystem_asl.dylib
0x0000000017168000 	/usr/lib/system/libsystem_blocks.dylib
0x0000000017168000 	/usr/lib/system/libsystem_c.dylib
0x0000000017168000 	/usr/lib/system/libsystem_configuration.dylib
0x0000000017168000 	/usr/lib/system/libsystem_coreservices.dylib
0x0000000017168000 	/usr/lib/system/libsystem_darwin.dylib
0x0000000017168000 	/usr/lib/system/libsystem_dnssd.dylib
0x0000000017168000 	/usr/lib/system/libsystem_info.dylib
0x0000000017168000 	/usr/lib/system/libsystem_m.dylib
0x0000000017168000 	/usr/lib/system/libsystem_malloc.dylib
0x0000000017168000 	/usr/lib/system/libsystem_networkextension.dylib
0x0000000017168000 	/usr/lib/system/libsystem_notify.dylib
0x0000000017168000 	/usr/lib/system/libsystem_sandbox.dylib
0x0000000017168000 	/usr/lib/system/libsystem_secinit.dylib
0x0000000017168000 	/usr/lib/system/libsystem_kernel.dylib
0x0000000017168000 	/usr/lib/system/libsystem_platform.dylib
0x0000000017168000 	/usr/lib/system/libsystem_pthread.dylib
0x0000000017168000 	/usr/lib/system/libsystem_symptoms.dylib
0x0000000017168000 	/usr/lib/system/libsystem_trace.dylib
0x0000000017168000 	/usr/lib/system/libunwind.dylib
0x0000000017168000 	/usr/lib/system/libxpc.dylib
0x0000000017168000 	/usr/lib/libbsm.0.dylib
0x0000000017168000 	/usr/lib/system/libkxld.dylib
0x0000000017168000 	/System/Library/PrivateFrameworks/AppleFSCompression.framework/Versions/A/AppleFSCompression
0x0000000017168000 	/usr/lib/libOpenScriptingUtil.dylib
0x0000000017168000 	/usr/lib/libcoretls.dylib
0x0000000017168000 	/usr/lib/libcoretls_cfhelpers.dylib
0x0000000017168000 	/usr/lib/libpam.2.dylib
0x0000000017168000 	/usr/lib/libsqlite3.dylib
0x0000000017168000 	/usr/lib/libxar.1.dylib
0x0000000017168000 	/usr/lib/libbz2.1.0.dylib
0x0000000017168000 	/usr/lib/liblzma.5.dylib
0x0000000017168000 	/usr/lib/libnetwork.dylib
0x0000000017168000 	/usr/lib/libapple_nghttp2.dylib
0x0000000017168000 	/usr/lib/libpcap.A.dylib
0x0000000017168000 	/System/Library/Frameworks/CoreServices.framework/Versions/A/Frameworks/FSEvents.framework/Versions/A/FSEvents
0x0000000017168000 	/System/Library/Frameworks/CoreServices.framework/Versions/A/Frameworks/CarbonCore.framework/Versions/A/CarbonCore
0x0000000017168000 	/System/Library/Frameworks/CoreServices.framework/Versions/A/Frameworks/Metadata.framework/Versions/A/Metadata
0x0000000017168000 	/System/Library/Frameworks/CoreServices.framework/Versions/A/Frameworks/OSServices.framework/Versions/A/OSServices
0x0000000017168000 	/System/Library/Frameworks/CoreServices.framework/Versions/A/Frameworks/SearchKit.framework/Versions/A/SearchKit
0x0000000017168000 	/System/Library/Frameworks/CoreServices.framework/Versions/A/Frameworks/AE.framework/Versions/A/AE
0x0000000017168000 	/System/Library/Frameworks/CoreServices.framework/Versions/A/Frameworks/LaunchServices.framework/Versions/A/LaunchServices
0x0000000017168000 	/System/Library/Frameworks/CoreServices.framework/Versions/A/Frameworks/DictionaryServices.framework/Versions/A/DictionaryServices
0x0000000017168000 	/System/Library/Frameworks/CoreServices.framework/Versions/A/Frameworks/SharedFileList.framework/Versions/A/SharedFileList
0x0000000017168000 	/System/Library/Frameworks/NetFS.framework/Versions/A/NetFS
0x0000000017168000 	/System/Library/PrivateFrameworks/NetAuth.framework/Versions/A/NetAuth
0x0000000017168000 	/System/Library/PrivateFrameworks/login.framework/Versions/A/Frameworks/loginsupport.framework/Versions/A/loginsupport
0x0000000017168000 	/System/Library/PrivateFrameworks/TCC.framework/Versions/A/TCC
0x0000000017168000 	/System/Library/PrivateFrameworks/CoreNLP.framework/Versions/A/CoreNLP
0x0000000017168000 	/System/Library/PrivateFrameworks/MetadataUtilities.framework/Versions/A/MetadataUtilities
0x0000000017168000 	/usr/lib/libmecabra.dylib
0x0000000017168000 	/System/Library/Frameworks/ApplicationServices.framework/Versions/A/Frameworks/ATS.framework/Versions/A/ATS
0x0000000017168000 	/System/Library/Frameworks/ApplicationServices.framework/Versions/A/Frameworks/ColorSyncLegacy.framework/Versions/A/ColorSyncLegacy
0x0000000017168000 	/System/Library/Frameworks/ApplicationServices.framework/Versions/A/Frameworks/HIServices.framework/Versions/A/HIServices
0x0000000017168000 	/System/Library/Frameworks/ApplicationServices.framework/Versions/A/Frameworks/LangAnalysis.framework/Versions/A/LangAnalysis
0x0000000017168000 	/System/Library/Frameworks/ApplicationServices.framework/Versions/A/Frameworks/PrintCore.framework/Versions/A/PrintCore
0x0000000017168000 	/System/Library/Frameworks/ApplicationServices.framework/Versions/A/Frameworks/QD.framework/Versions/A/QD
0x0000000017168000 	/System/Library/Frameworks/ApplicationServices.framework/Versions/A/Frameworks/SpeechSynthesis.framework/Versions/A/SpeechSynthesis
0x0000000017168000 	/usr/lib/libcompression.dylib
0x0000000017168000 	/System/Library/Frameworks/CoreDisplay.framework/Versions/A/CoreDisplay
0x0000000017168000 	/System/Library/Frameworks/MetalPerformanceShaders.framework/Versions/A/MetalPerformanceShaders
0x0000000017168000 	/System/Library/Frameworks/Accelerate.framework/Versions/A/Frameworks/vImage.framework/Versions/A/vImage
0x0000000017168000 	/System/Library/Frameworks/Accelerate.framework/Versions/A/Frameworks/vecLib.framework/Versions/A/vecLib
0x0000000017168000 	/System/Library/Frameworks/Accelerate.framework/Versions/A/Frameworks/vecLib.framework/Versions/A/libvMisc.dylib
0x0000000017168000 	/System/Library/Frameworks/Accelerate.framework/Versions/A/Frameworks/vecLib.framework/Versions/A/libvDSP.dylib
0x0000000017168000 	/System/Library/Frameworks/Accelerate.framework/Versions/A/Frameworks/vecLib.framework/Versions/A/libBLAS.dylib
0x0000000017168000 	/System/Library/Frameworks/Accelerate.framework/Versions/A/Frameworks/vecLib.framework/Versions/A/libLAPACK.dylib
0x0000000017168000 	/System/Library/Frameworks/Accelerate.framework/Versions/A/Frameworks/vecLib.framework/Versions/A/libLinearAlgebra.dylib
0x0000000017168000 	/System/Library/Frameworks/Accelerate.framework/Versions/A/Frameworks/vecLib.framework/Versions/A/libSparseBLAS.dylib
0x0000000017168000 	/System/Library/Frameworks/Accelerate.framework/Versions/A/Frameworks/vecLib.framework/Versions/A/libQuadrature.dylib
0x0000000017168000 	/System/Library/Frameworks/Accelerate.framework/Versions/A/Frameworks/vecLib.framework/Versions/A/libBNNS.dylib
0x0000000017168000 	/System/Library/Frameworks/Accelerate.framework/Versions/A/Frameworks/vecLib.framework/Versions/A/libSparse.dylib
0x0000000017168000 	/System/Library/PrivateFrameworks/GPUWrangler.framework/Versions/A/GPUWrangler
0x0000000017168000 	/System/Library/PrivateFrameworks/IOAccelerator.framework/Versions/A/IOAccelerator
0x0000000017168000 	/System/Library/PrivateFrameworks/IOPresentment.framework/Versions/A/IOPresentment
0x0000000017168000 	/System/Library/PrivateFrameworks/DSExternalDisplay.framework/Versions/A/DSExternalDisplay
0x0000000017168000 	/System/Library/Frameworks/OpenGL.framework/Versions/A/Libraries/libCoreFSCache.dylib
0x0000000017168000 	/System/Library/Frameworks/MetalPerformanceShaders.framework/Frameworks/MPSCore.framework/Versions/A/MPSCore
0x0000000017168000 	/System/Library/Frameworks/MetalPerformanceShaders.framework/Frameworks/MPSImage.framework/Versions/A/MPSImage
0x0000000017168000 	/System/Library/Frameworks/MetalPerformanceShaders.framework/Frameworks/MPSNeuralNetwork.framework/Versions/A/MPSNeuralNetwork
0x0000000017168000 	/System/Library/Frameworks/MetalPerformanceShaders.framework/Frameworks/MPSMatrix.framework/Versions/A/MPSMatrix
0x0000000017168000 	/System/Library/Frameworks/MetalPerformanceShaders.framework/Frameworks/MPSRayIntersector.framework/Versions/A/MPSRayIntersector
0x0000000017168000 	/System/Library/PrivateFrameworks/MetalTools.framework/Versions/A/MetalTools
0x0000000017168000 	/System/Library/PrivateFrameworks/AggregateDictionary.framework/Versions/A/AggregateDictionary
0x0000000017168000 	/usr/lib/libMobileGestalt.dylib
0x0000000017168000 	/System/Library/Frameworks/CoreVideo.framework/Versions/A/CoreVideo
0x0000000017168000 	/System/Library/PrivateFrameworks/GraphVisualizer.framework/Versions/A/GraphVisualizer
0x0000000017168000 	/System/Library/PrivateFrameworks/FaceCore.framework/Versions/A/FaceCore
0x0000000017168000 	/System/Library/Frameworks/OpenCL.framework/Versions/A/OpenCL
0x0000000017168000 	/usr/lib/libFosl_dynamic.dylib
0x0000000017168000 	/System/Library/PrivateFrameworks/OTSVG.framework/Versions/A/OTSVG
0x0000000017168000 	/System/Library/Frameworks/ApplicationServices.framework/Versions/A/Frameworks/ATS.framework/Versions/A/Resources/libFontParser.dylib
0x0000000017168000 	/System/Library/Frameworks/ApplicationServices.framework/Versions/A/Frameworks/ATS.framework/Versions/A/Resources/libFontRegistry.dylib
0x0000000017168000 	/System/Library/Frameworks/ImageIO.framework/Versions/A/Resources/libJPEG.dylib
0x0000000017168000 	/System/Library/Frameworks/ImageIO.framework/Versions/A/Resources/libTIFF.dylib
0x0000000017168000 	/System/Library/Frameworks/ImageIO.framework/Versions/A/Resources/libPng.dylib
0x0000000017168000 	/System/Library/Frameworks/ImageIO.framework/Versions/A/Resources/libGIF.dylib
0x0000000017168000 	/System/Library/Frameworks/ImageIO.framework/Versions/A/Resources/libJP2.dylib
0x0000000017168000 	/System/Library/Frameworks/ImageIO.framework/Versions/A/Resources/libRadiance.dylib
0x0000000017168000 	/System/Library/PrivateFrameworks/AppleJPEG.framework/Versions/A/AppleJPEG
0x0000000017168000 	/System/Library/Frameworks/OpenGL.framework/Versions/A/Libraries/libGFXShared.dylib
0x0000000017168000 	/System/Library/Frameworks/OpenGL.framework/Versions/A/Libraries/libGLU.dylib
0x0000000017168000 	/System/Library/Frameworks/OpenGL.framework/Versions/A/Libraries/libGL.dylib
0x0000000017168000 	/System/Library/Frameworks/OpenGL.framework/Versions/A/Libraries/libGLImage.dylib
0x0000000017168000 	/System/Library/Frameworks/OpenGL.framework/Versions/A/Libraries/libCVMSPluginSupport.dylib
0x0000000017168000 	/System/Library/Frameworks/OpenGL.framework/Versions/A/Libraries/libCoreVMClient.dylib
0x0000000017168000 	/usr/lib/libcups.2.dylib
0x0000000017168000 	/System/Library/Frameworks/Kerberos.framework/Versions/A/Kerberos
0x0000000017168000 	/System/Library/Frameworks/GSS.framework/Versions/A/GSS
0x0000000017168000 	/usr/lib/libresolv.9.dylib
0x0000000017168000 	/usr/lib/libiconv.2.dylib
0x0000000017168000 	/System/Library/PrivateFrameworks/Heimdal.framework/Versions/A/Heimdal
0x0000000017168000 	/usr/lib/libheimdal-asn1.dylib
0x0000000017168000 	/System/Library/Frameworks/OpenDirectory.framework/Versions/A/OpenDirectory
0x0000000017168000 	/System/Library/PrivateFrameworks/CommonAuth.framework/Versions/A/CommonAuth
0x0000000017168000 	/System/Library/Frameworks/OpenDirectory.framework/Versions/A/Frameworks/CFOpenDirectory.framework/Versions/A/CFOpenDirectory
0x0000000017168000 	/System/Library/Frameworks/SecurityFoundation.framework/Versions/A/SecurityFoundation
0x0000000017168000 	/System/Library/PrivateFrameworks/APFS.framework/Versions/A/APFS
0x0000000017168000 	/usr/lib/libutil.dylib
0x0000000017168000 	/usr/lib/libcharset.1.dylib
0x0000000017168000 	/System/Library/PrivateFrameworks/AppleSauce.framework/Versions/A/AppleSauce
0x0000000017168000 	/System/Library/PrivateFrameworks/AssertionServices.framework/Versions/A/AssertionServices
0x0000000017168000 	/System/Library/PrivateFrameworks/BaseBoard.framework/Versions/A/BaseBoard
0x0000000017168000 	/usr/lib/libmecab.1.0.0.dylib
0x0000000017168000 	/usr/lib/libgermantok.dylib
0x0000000017168000 	/usr/lib/libThaiTokenizer.dylib
0x0000000017168000 	/usr/lib/libChineseTokenizer.dylib
0x0000000017168000 	/System/Library/PrivateFrameworks/LanguageModeling.framework/Versions/A/LanguageModeling
0x0000000017168000 	/System/Library/PrivateFrameworks/CoreEmoji.framework/Versions/A/CoreEmoji
0x0000000017168000 	/System/Library/PrivateFrameworks/Lexicon.framework/Versions/A/Lexicon
0x0000000017168000 	/System/Library/PrivateFrameworks/LinguisticData.framework/Versions/A/LinguisticData
0x0000000017168000 	/usr/lib/libcmph.dylib
0x0000000017168000 	/System/Library/Frameworks/ServiceManagement.framework/Versions/A/ServiceManagement
0x0000000017168000 	/System/Library/PrivateFrameworks/BackgroundTaskManagement.framework/Versions/A/BackgroundTaskManagement
0x0000000017168000 	/usr/lib/libxslt.1.dylib
0x0000000017168000 	/System/Library/Frameworks/Carbon.framework/Versions/A/Frameworks/Ink.framework/Versions/A/Ink
0x0000000017168000 	/System/Library/PrivateFrameworks/TextureIO.framework/Versions/A/TextureIO
0x0000000017168000 	/usr/lib/libate.dylib
0x0000000017168000 	/System/Library/PrivateFrameworks/CrashReporterSupport.framework/Versions/A/CrashReporterSupport
0x0000000017168000 	/System/Library/PrivateFrameworks/Sharing.framework/Versions/A/Sharing
0x0000000017168000 	/System/Library/PrivateFrameworks/AuthKit.framework/Versions/A/AuthKit
0x0000000017168000 	/System/Library/PrivateFrameworks/Apple80211.framework/Versions/A/Apple80211
0x0000000017168000 	/System/Library/PrivateFrameworks/CoreUtils.framework/Versions/A/CoreUtils
0x0000000017168000 	/System/Library/Frameworks/CoreWLAN.framework/Versions/A/CoreWLAN
0x0000000017168000 	/System/Library/Frameworks/IOBluetooth.framework/Versions/A/IOBluetooth
0x0000000017168000 	/System/Library/PrivateFrameworks/ProtocolBuffer.framework/Versions/A/ProtocolBuffer
0x0000000017168000 	/System/Library/PrivateFrameworks/MobileKeyBag.framework/Versions/A/MobileKeyBag
0x0000000017168000 	/System/Library/PrivateFrameworks/CorePhoneNumbers.framework/Versions/A/CorePhoneNumbers
0x0000000017168000 	/System/Library/PrivateFrameworks/AppleIDAuthSupport.framework/Versions/A/AppleIDAuthSupport
0x0000000017168000 	/System/Library/PrivateFrameworks/KeychainCircle.framework/Versions/A/KeychainCircle
0x0000000017168000 	/System/Library/PrivateFrameworks/ROCKit.framework/Versions/A/ROCKit
0x0000000017168000 	/System/Library/PrivateFrameworks/CoreWiFi.framework/Versions/A/CoreWiFi
0x0000000017168000 	/System/Library/Frameworks/CoreBluetooth.framework/Versions/A/CoreBluetooth
0x0000000017168000 	/System/Library/PrivateFrameworks/DebugSymbols.framework/Versions/A/DebugSymbols
0x0000000017168000 	/System/Library/PrivateFrameworks/CoreSymbolication.framework/Versions/A/CoreSymbolication
0x0000000017168000 	/System/Library/PrivateFrameworks/Symbolication.framework/Versions/A/Symbolication
0x0000000017168000 	/System/Library/PrivateFrameworks/SpeechRecognitionCore.framework/Versions/A/SpeechRecognitionCore
0x000000010e800000 	/Library/Java/JavaVirtualMachines/jdk1.8.0_171.jdk/Contents/Home/jre/lib/server/libjvm.dylib
0x0000000017168000 	/usr/lib/libstdc++.6.dylib
0x000000010de92000 	/Library/Java/JavaVirtualMachines/jdk1.8.0_171.jdk/Contents/Home/jre/lib/libverify.dylib
0x000000010dea0000 	/Library/Java/JavaVirtualMachines/jdk1.8.0_171.jdk/Contents/Home/jre/lib/libjava.dylib
0x000000010ded7000 	/Library/Java/JavaVirtualMachines/jdk1.8.0_171.jdk/Contents/Home/jre/lib/libinstrument.dylib
0x000000010df75000 	/Library/Java/JavaVirtualMachines/jdk1.8.0_171.jdk/Contents/Home/jre/lib/libzip.dylib
0x0000000116196000 	/Library/Java/JavaVirtualMachines/jdk1.8.0_171.jdk/Contents/Home/jre/lib/libnet.dylib
0x00000001161f5000 	/Library/Java/JavaVirtualMachines/jdk1.8.0_171.jdk/Contents/Home/jre/lib/libawt.dylib
0x000000011629f000 	/Library/Java/JavaVirtualMachines/jdk1.8.0_171.jdk/Contents/Home/jre/lib/./libmlib_image.dylib
0x0000000017168000 	/System/Library/Frameworks/JavaVM.framework/Versions/A/Frameworks/JavaNativeFoundation.framework/Versions/A/JavaNativeFoundation
0x0000000017168000 	/System/Library/Frameworks/JavaVM.framework/Versions/A/Frameworks/JavaRuntimeSupport.framework/Versions/A/JavaRuntimeSupport
0x0000000017168000 	/System/Library/Frameworks/JavaVM.framework/Versions/A/JavaVM
0x0000000017168000 	/System/Library/PrivateFrameworks/JavaLaunching.framework/Versions/A/JavaLaunching
0x0000000017168000 	/System/Library/Frameworks/Carbon.framework/Versions/A/Carbon
0x0000000017168000 	/System/Library/Frameworks/Carbon.framework/Versions/A/Frameworks/CommonPanels.framework/Versions/A/CommonPanels
0x0000000017168000 	/System/Library/Frameworks/Carbon.framework/Versions/A/Frameworks/Help.framework/Versions/A/Help
0x0000000017168000 	/System/Library/Frameworks/Carbon.framework/Versions/A/Frameworks/ImageCapture.framework/Versions/A/ImageCapture
0x0000000017168000 	/System/Library/Frameworks/Carbon.framework/Versions/A/Frameworks/OpenScripting.framework/Versions/A/OpenScripting
0x0000000017168000 	/System/Library/Frameworks/Carbon.framework/Versions/A/Frameworks/Print.framework/Versions/A/Print
0x0000000017168000 	/System/Library/Frameworks/Carbon.framework/Versions/A/Frameworks/SecurityHI.framework/Versions/A/SecurityHI
0x000000011636b000 	/Library/Java/JavaVirtualMachines/jdk1.8.0_171.jdk/Contents/Home/jre/lib/libawt_lwawt.dylib
0x0000000116425000 	/Library/Java/JavaVirtualMachines/jdk1.8.0_171.jdk/Contents/Home/jre/lib/./libosxapp.dylib
0x0000000017168000 	/System/Library/Frameworks/ExceptionHandling.framework/Versions/A/ExceptionHandling
0x0000000017168000 	/System/Library/PrivateFrameworks/CoreServicesInternal.framework/Versions/A/CoreServicesInternal
0x0000000017168000 	/System/Library/CoreServices/RawCamera.bundle/Contents/MacOS/RawCamera
0x0000000017168000 	/System/Library/PrivateFrameworks/MobileAsset.framework/Versions/A/MobileAsset
0x0000000017168000 	/System/Library/PrivateFrameworks/StreamingZip.framework/Versions/A/StreamingZip
0x0000000017168000 	/System/Library/Frameworks/MediaToolbox.framework/Versions/A/MediaToolbox
0x0000000017168000 	/System/Library/PrivateFrameworks/CoreAVCHD.framework/Versions/A/CoreAVCHD
0x0000000017168000 	/System/Library/Frameworks/MediaAccessibility.framework/Versions/A/MediaAccessibility
0x0000000017168000 	/System/Library/PrivateFrameworks/Mangrove.framework/Versions/A/Mangrove
0x0000000017168000 	/System/Library/Frameworks/CoreMedia.framework/Versions/A/CoreMedia
0x0000000017168000 	/System/Library/Frameworks/VideoToolbox.framework/Versions/A/VideoToolbox
0x0000000017168000 	/System/Library/PrivateFrameworks/CoreAUC.framework/Versions/A/CoreAUC
0x0000000017168000 	/usr/lib/libspindump.dylib
0x0000000017168000 	/System/Library/PrivateFrameworks/AppleVA.framework/Versions/A/AppleVA
0x0000000017168000 	/System/Library/Frameworks/Accelerate.framework/Versions/A/Frameworks/vImage.framework/Versions/A/Libraries/libCGInterfaces.dylib
0x0000000017168000 	/System/Library/Frameworks/ApplicationServices.framework/Versions/A/Frameworks/ATS.framework/Versions/A/Resources/libTrueTypeScaler.dylib
0x0000000017168000 	/System/Library/Extensions/AppleIntelBDWGraphicsMTLDriver.bundle/Contents/MacOS/AppleIntelBDWGraphicsMTLDriver
0x0000000017168000 	/System/Library/PrivateFrameworks/GPUCompiler.framework/Versions/3902/Libraries/libmetal_timestamp.dylib
0x0000000017168000 	/System/Library/PrivateFrameworks/FamilyControls.framework/Versions/A/FamilyControls
0x0000000017168000 	/System/Library/PrivateFrameworks/CommerceKit.framework/Versions/A/Frameworks/CommerceCore.framework/Versions/A/CommerceCore
0x0000000017168000 	/System/Library/PrivateFrameworks/SystemAdministration.framework/Versions/A/SystemAdministration
0x0000000017168000 	/System/Library/PrivateFrameworks/AppContainer.framework/Versions/A/AppContainer
0x0000000017168000 	/System/Library/PrivateFrameworks/AppSandbox.framework/Versions/A/AppSandbox
0x0000000017168000 	/System/Library/PrivateFrameworks/SecCodeWrapper.framework/Versions/A/SecCodeWrapper
0x0000000017168000 	/usr/lib/libsandbox.1.dylib
0x0000000017168000 	/usr/lib/libMatch.1.dylib
0x0000000017168000 	/System/Library/PrivateFrameworks/DiskManagement.framework/Versions/A/DiskManagement
0x0000000017168000 	/System/Library/Frameworks/DirectoryService.framework/Versions/A/DirectoryService
0x0000000017168000 	/System/Library/PrivateFrameworks/DiskImages.framework/Versions/A/DiskImages
0x0000000017168000 	/System/Library/PrivateFrameworks/LoginUIKit.framework/Versions/A/Frameworks/LoginUICore.framework/Versions/A/LoginUICore
0x0000000017168000 	/usr/lib/libCoreStorage.dylib
0x0000000017168000 	/usr/lib/libcsfde.dylib
0x0000000017168000 	/usr/lib/libodfde.dylib
0x0000000017168000 	/System/Library/PrivateFrameworks/MediaKit.framework/Versions/A/MediaKit
0x0000000017168000 	/System/Library/Frameworks/DiscRecording.framework/Versions/A/DiscRecording
0x0000000017168000 	/System/Library/PrivateFrameworks/EFILogin.framework/Versions/A/EFILogin
0x0000000017168000 	/System/Library/PrivateFrameworks/ProtectedCloudStorage.framework/Versions/A/ProtectedCloudStorage
0x0000000017168000 	/usr/lib/libcurl.4.dylib
0x0000000017168000 	/usr/lib/libcrypto.42.dylib
0x0000000017168000 	/usr/lib/libssl.44.dylib
0x0000000017168000 	/System/Library/Frameworks/LDAP.framework/Versions/A/LDAP
0x0000000017168000 	/System/Library/PrivateFrameworks/TrustEvaluationAgent.framework/Versions/A/TrustEvaluationAgent
0x0000000017168000 	/usr/lib/libsasl2.2.dylib
0x0000000017168000 	/System/Library/PrivateFrameworks/CoreDaemon.framework/Versions/B/CoreDaemon
0x0000000017168000 	/System/Library/PrivateFrameworks/AppleSRP.framework/Versions/A/AppleSRP
0x0000000017168000 	/System/Library/PrivateFrameworks/ViewBridge.framework/Versions/A/ViewBridge
0x0000000017168000 	/System/Library/Frameworks/OpenGL.framework/Versions/A/Resources/GLEngine.bundle/GLEngine
0x0000000017168000 	/System/Library/Frameworks/OpenGL.framework/Versions/A/Libraries/libGLProgrammability.dylib
0x0000000017168000 	/System/Library/Extensions/AppleIntelBDWGraphicsGLDriver.bundle/Contents/MacOS/AppleIntelBDWGraphicsGLDriver
0x0000000017168000 	/System/Library/PrivateFrameworks/GPUSupport.framework/Versions/A/Libraries/libGPUSupportMercury.dylib
0x0000000017168000 	/System/Library/Frameworks/OpenGL.framework/Versions/A/Resources/GLRendererFloat.bundle/GLRendererFloat
0x0000000017168000 	/System/Library/Frameworks/OpenCL.framework/Versions/A/Libraries/libcldcpuengine.dylib
0x0000000017168000 	/usr/lib/libcrypto.35.dylib
0x000000012a4a1000 	/Library/Java/JavaVirtualMachines/jdk1.8.0_171.jdk/Contents/Home/jre/lib/libfontmanager.dylib
0x000000012a508000 	/Library/Java/JavaVirtualMachines/jdk1.8.0_171.jdk/Contents/Home/jre/lib/libosxui.dylib
0x000000012b134000 	/usr/lib/libobjc-trampolines.dylib
0x000000012c6bd000 	/Library/Java/JavaVirtualMachines/jdk1.8.0_171.jdk/Contents/Home/jre/lib/libnio.dylib
0x0000000017168000 	/System/Library/PrivateFrameworks/login.framework/Versions/A/login

VM Arguments:
jvm_args: -javaagent:/Applications/IntelliJ IDEA CE.app/Contents/lib/idea_rt.jar=53245:/Applications/IntelliJ IDEA CE.app/Contents/bin -Dfile.encoding=UTF-8 
java_command: cpsc2150.extendedTicTacToe.TicTacToeGame
java_class_path (initial): /Library/Java/JavaVirtualMachines/jdk1.8.0_171.jdk/Contents/Home/jre/lib/charsets.jar:/Library/Java/JavaVirtualMachines/jdk1.8.0_171.jdk/Contents/Home/jre/lib/deploy.jar:/Library/Java/JavaVirtualMachines/jdk1.8.0_171.jdk/Contents/Home/jre/lib/ext/cldrdata.jar:/Library/Java/JavaVirtualMachines/jdk1.8.0_171.jdk/Contents/Home/jre/lib/ext/dnsns.jar:/Library/Java/JavaVirtualMachines/jdk1.8.0_171.jdk/Contents/Home/jre/lib/ext/jaccess.jar:/Library/Java/JavaVirtualMachines/jdk1.8.0_171.jdk/Contents/Home/jre/lib/ext/jfxrt.jar:/Library/Java/JavaVirtualMachines/jdk1.8.0_171.jdk/Contents/Home/jre/lib/ext/localedata.jar:/Library/Java/JavaVirtualMachines/jdk1.8.0_171.jdk/Contents/Home/jre/lib/ext/nashorn.jar:/Library/Java/JavaVirtualMachines/jdk1.8.0_171.jdk/Contents/Home/jre/lib/ext/sunec.jar:/Library/Java/JavaVirtualMachines/jdk1.8.0_171.jdk/Contents/Home/jre/lib/ext/sunjce_provider.jar:/Library/Java/JavaVirtualMachines/jdk1.8.0_171.jdk/Contents/Home/jre/lib/ext/sunpkcs11.jar:/Library/Java/JavaVirtualMachines/jdk1.8.0_171.jdk/Contents/Home/jre/lib/ext/zipfs.jar:/Library/Java/JavaVirtualMachines/jdk1.8.0_171.jdk/Contents/Home/jre/lib/javaws.jar:/Library/Java/JavaVirtualMachines/jdk1.8.0_171.jdk/Contents/Home/jre/lib/jce.jar:/Library/Java/JavaVirtualMachines/jdk1.8.0_171.jdk/Contents/Home/jre/lib/jfr.jar:/Library/Java/JavaVirtualMachines/jdk1.8.0_171.jdk/Contents/Home/jre/lib/jfxswt.jar:/Library/Java/JavaVirtualMachines/jdk1.8.0_171.jdk/Contents/Home/jre/lib/jsse.jar:/Library/Java/JavaVirtualMachines/jdk1.8.0_171.jdk/Contents/Home/jre/lib/management-agent.jar:/Library/Java/JavaVirtualMachines/jdk1.8.0_171.jdk/Contents/Home/jre/lib/plugin.jar:/Library/Java/JavaVirtualMachines/jdk1.8.0_171.jdk/Contents/Home/jre/lib/resources.jar:/Library/Java/JavaVirtualMachines/jdk1.8.0_171.jdk/Contents/Home/jre/lib/rt.jar:/Library/Java/JavaVirtualMachines/jdk1.8.0_171.jdk/Contents/Home/lib/ant-javafx.jar:/Library/Java/JavaVirtualMachines/jdk1.8.0_171.jdk/Contents/Home
Launcher Type: SUN_STANDARD

Environment Variables:
PATH=/Library/Frameworks/Python.framework/Versions/3.5/bin:/usr/local/bin:/usr/bin:/bin:/usr/sbin:/sbin:/Library/TeX/texbin:/opt/X11/bin
SHELL=/bin/bash
DISPLAY=/private/tmp/com.apple.launchd.VE7S4he3lE/org.macosforge.xquartz:0

Signal Handlers:
SIGSEGV: [libjvm.dylib+0x5b512d], sa_mask[0]=11111111011111110111111111111111, sa_flags=SA_ONSTACK|SA_RESTART|SA_SIGINFO
SIGBUS: [libjvm.dylib+0x5b512d], sa_mask[0]=11111111011111110111111111111111, sa_flags=SA_RESTART|SA_SIGINFO
SIGFPE: [libjvm.dylib+0x48aa90], sa_mask[0]=11111111011111110111111111111111, sa_flags=SA_RESTART|SA_SIGINFO
SIGPIPE: [libjvm.dylib+0x48aa90], sa_mask[0]=11111111011111110111111111111111, sa_flags=SA_RESTART|SA_SIGINFO
SIGXFSZ: [libjvm.dylib+0x48aa90], sa_mask[0]=11111111011111110111111111111111, sa_flags=SA_RESTART|SA_SIGINFO
SIGILL: [libjvm.dylib+0x48aa90], sa_mask[0]=11111111011111110111111111111111, sa_flags=SA_RESTART|SA_SIGINFO
SIGUSR1: SIG_DFL, sa_mask[0]=00000000000000000000000000000000, sa_flags=none
SIGUSR2: [libjvm.dylib+0x48a5ae], sa_mask[0]=00100000000000000000000000000000, sa_flags=SA_RESTART|SA_SIGINFO
SIGHUP: [libjvm.dylib+0x488b79], sa_mask[0]=11111111011111110111111111111111, sa_flags=SA_RESTART|SA_SIGINFO
SIGINT: [libjvm.dylib+0x488b79], sa_mask[0]=11111111011111110111111111111111, sa_flags=SA_RESTART|SA_SIGINFO
SIGTERM: [libjvm.dylib+0x488b79], sa_mask[0]=11111111011111110111111111111111, sa_flags=SA_RESTART|SA_SIGINFO
SIGQUIT: [libjvm.dylib+0x488b79], sa_mask[0]=11111111011111110111111111111111, sa_flags=SA_RESTART|SA_SIGINFO


---------------  S Y S T E M  ---------------

OS:Bsduname:Darwin 18.0.0 Darwin Kernel Version 18.0.0: Wed Aug 22 20:13:40 PDT 2018; root:xnu-4903.201.2~1/RELEASE_X86_64 x86_64
rlimit: STACK 8192k, CORE 0k, NPROC 709, NOFILE 10240, AS infinity
load average:12.98 5.31 3.56

CPU:total 4 (initial active 4) (2 cores per cpu, 2 threads per core) family 6 model 61 stepping 4, cmov, cx8, fxsr, mmx, sse, sse2, sse3, ssse3, sse4.1, sse4.2, popcnt, avx, avx2, aes, clmul, erms, 3dnowpref, lzcnt, ht, tsc, tscinvbit, bmi1, bmi2, adx

Memory: 4k page, physical 8388608k(74544k free)

/proc/meminfo:


vm_info: Java HotSpot(TM) 64-Bit Server VM (25.171-b11) for bsd-amd64 JRE (1.8.0_171-b11), built on Mar 28 2018 12:50:57 by "java_re" with gcc 4.2.1 (Based on Apple Inc. build 5658) (LLVM build 2336.11.00)

time: Tue Dec  3 00:05:26 2019
elapsed time: 107 seconds (0d 0h 1m 47s)

